warn:  CreateDXGIFactory2: Ignoring flags
info:  Game: Adobe Spaces Helper.exe
info:  DXVK: v2.1
info:  Built-in extension providers:
info:    Win32 WSI
info:    OpenVR
info:    OpenXR
info:  OpenVR: could not open registry key, status 2
info:  OpenVR: Failed to locate module
info:  Vulkan: Found vkGetInstanceProcAddr in winevulkan.dll @ 0x2d4ad3eb0
info:  Enabled instance extensions:
info:    VK_KHR_get_surface_capabilities2
info:    VK_KHR_surface
info:    VK_KHR_win32_surface
warn:  Skipping CPU adapter: llvmpipe (LLVM 15.0.6, 256 bits)
info:  AMD Radeon RX 570 Series (RADV POLARIS10):
info:    Driver: 22.3.5
info:    Vulkan: 1.3.230
info:    Memory Heap[0]: 
info:      Size: 3840 MiB
info:      Flags: 0x1
info:      Memory Type[0]: Property Flags = 0x1
info:      Memory Type[1]: Property Flags = 0x1
info:    Memory Heap[1]: 
info:      Size: 7952 MiB
info:      Flags: 0x0
info:      Memory Type[2]: Property Flags = 0x6
info:      Memory Type[4]: Property Flags = 0xe
info:    Memory Heap[2]: 
info:      Size: 256 MiB
info:      Flags: 0x1
info:      Memory Type[3]: Property Flags = 0x7
warn:  DxgiAdapter::QueryInterface: Unknown interface query
warn:  17399d75-964e-4c03-99f8-9d4fd196dd62
warn:  CreateDXGIFactory2: Ignoring flags
info:  Game: Adobe Spaces Helper.exe
info:  DXVK: v2.1
info:  Built-in extension providers:
info:    Win32 WSI
info:    OpenVR
info:    OpenXR
info:  OpenVR: could not open registry key, status 2
info:  OpenVR: Failed to locate module
info:  Vulkan: Found vkGetInstanceProcAddr in winevulkan.dll @ 0x2d4ad3eb0
info:  Enabled instance extensions:
info:    VK_KHR_get_surface_capabilities2
info:    VK_KHR_surface
info:    VK_KHR_win32_surface
warn:  Skipping CPU adapter: llvmpipe (LLVM 15.0.6, 256 bits)
info:  AMD Radeon RX 570 Series (RADV POLARIS10):
info:    Driver: 22.3.5
info:    Vulkan: 1.3.230
info:    Memory Heap[0]: 
info:      Size: 3840 MiB
info:      Flags: 0x1
info:      Memory Type[0]: Property Flags = 0x1
info:      Memory Type[1]: Property Flags = 0x1
info:    Memory Heap[1]: 
info:      Size: 7952 MiB
info:      Flags: 0x0
info:      Memory Type[2]: Property Flags = 0x6
info:      Memory Type[4]: Property Flags = 0xe
info:    Memory Heap[2]: 
info:      Size: 256 MiB
info:      Flags: 0x1
info:      Memory Type[3]: Property Flags = 0x7
warn:  DxgiAdapter::QueryInterface: Unknown interface query
warn:  17399d75-964e-4c03-99f8-9d4fd196dd62
